<?xml version="1.0" encoding="UTF-8"?>
<testng-results ignored="0" total="3" passed="3" failed="0" skipped="0">
  <reporter-output>
  </reporter-output>
  <suite started-at="2023-11-24T18:20:09 EST" name="Default suite" finished-at="2023-11-24T18:20:17 EST" duration-ms="8146">
    <groups>
    </groups>
    <test started-at="2023-11-24T18:20:09 EST" name="Default test" finished-at="2023-11-24T18:20:17 EST" duration-ms="8146">
      <class name="restAssuredProject.DynamicJson">
        <test-method signature="addBook(java.lang.String,java.lang.String)[pri:0, instance:restAssuredProject.DynamicJson@6fd83fc1]" started-at="2023-11-24T18:20:09 EST" name="addBook" data-provider="BooksData" finished-at="2023-11-24T18:20:16 EST" duration-ms="6649" status="PASS">
          <params>
            <param index="0">
              <value>
                <![CDATA[aisle1]]>
              </value>
            </param>
            <param index="1">
              <value>
                <![CDATA[980]]>
              </value>
            </param>
          </params>
          <reporter-output>
          </reporter-output>
        </test-method> <!-- addBook -->
        <test-method signature="addBook(java.lang.String,java.lang.String)[pri:0, instance:restAssuredProject.DynamicJson@6fd83fc1]" started-at="2023-11-24T18:20:16 EST" name="addBook" data-provider="BooksData" finished-at="2023-11-24T18:20:17 EST" duration-ms="641" status="PASS">
          <params>
            <param index="0">
              <value>
                <![CDATA[aisle2]]>
              </value>
            </param>
            <param index="1">
              <value>
                <![CDATA[987]]>
              </value>
            </param>
          </params>
          <reporter-output>
          </reporter-output>
        </test-method> <!-- addBook -->
        <test-method signature="addBook(java.lang.String,java.lang.String)[pri:0, instance:restAssuredProject.DynamicJson@6fd83fc1]" started-at="2023-11-24T18:20:17 EST" name="addBook" data-provider="BooksData" finished-at="2023-11-24T18:20:17 EST" duration-ms="718" status="PASS">
          <params>
            <param index="0">
              <value>
                <![CDATA[aisle3]]>
              </value>
            </param>
            <param index="1">
              <value>
                <![CDATA[986]]>
              </value>
            </param>
          </params>
          <reporter-output>
          </reporter-output>
        </test-method> <!-- addBook -->
      </class> <!-- restAssuredProject.DynamicJson -->
    </test> <!-- Default test -->
  </suite> <!-- Default suite -->
</testng-results>
